#
# There is insufficient memory for the Java Runtime Environment to continue.
# Native memory allocation (malloc) failed to allocate 1048576 bytes. Error detail: AllocateHeap
# Possible reasons:
#   The system is out of physical RAM or swap space
#   This process is running with CompressedOops enabled, and the Java Heap may be blocking the growth of the native heap
# Possible solutions:
#   Reduce memory load on the system
#   Increase physical memory or swap space
#   Check if swap backing store is full
#   Decrease Java heap size (-Xmx/-Xms)
#   Decrease number of Java threads
#   Decrease Java thread stack sizes (-Xss)
#   Set larger code cache with -XX:ReservedCodeCacheSize=
#   JVM is running with Unscaled Compressed Oops mode in which the Java heap is
#     placed in the first 4GB address space. The Java Heap base address is the
#     maximum limit for the native heap growth. Please use -XX:HeapBaseMinAddress
#     to set the Java Heap base and to place the Java Heap above 4GB virtual address.
# This output file may be truncated or incomplete.
#
#  Out of Memory Error (allocation.cpp:44), pid=8716, tid=17968
#
# JRE version: OpenJDK Runtime Environment Temurin-17.0.11+9 (17.0.11+9) (build 17.0.11+9)
# Java VM: OpenJDK 64-Bit Server VM Temurin-17.0.11+9 (17.0.11+9, mixed mode, emulated-client, tiered, compressed oops, compressed class ptrs, g1 gc, windows-amd64)
# No core dump will be written. Minidumps are not enabled by default on client versions of Windows
#

---------------  S U M M A R Y ------------

Command Line: -Xmx1024m -Dsts.lsp.client=vscode -Dsts.log.file=/dev/null -XX:TieredStopAtLevel=1 -Xlog:jni+resolve=off -Dspring.config.location=file:c:\Users\iqbal\.vscode\extensions\vmware.vscode-spring-boot-1.56.0\language-server\BOOT-INF\classes\application.properties org.springframework.ide.vscode.boot.app.BootLanguageServerBootApp

Host: Intel(R) Core(TM) i3-10110U CPU @ 2.10GHz, 4 cores, 7G,  Windows 11 , 64 bit Build 22621 (10.0.22621.3672)
Time: Wed Jul 31 16:37:17 2024 SE Asia Standard Time elapsed time: 1720.336486 seconds (0d 0h 28m 40s)

---------------  T H R E A D  ---------------

Current thread (0x0000020dc0655dc0):  VMThread "VM Thread" [stack: 0x0000001b27500000,0x0000001b27600000] [id=17968]

Stack: [0x0000001b27500000,0x0000001b27600000]
Native frames: (J=compiled Java code, j=interpreted, Vv=VM code, C=native code)
V  [jvm.dll+0x67d429]
V  [jvm.dll+0x834b7a]
V  [jvm.dll+0x83663e]
V  [jvm.dll+0x836ca3]
V  [jvm.dll+0x247dbf]
V  [jvm.dll+0xa6cb3]
V  [jvm.dll+0x2f8ad3]
V  [jvm.dll+0x2f4750]
V  [jvm.dll+0x2dcf67]
V  [jvm.dll+0x31fb67]
V  [jvm.dll+0x83b19b]
V  [jvm.dll+0x83bed2]
V  [jvm.dll+0x83c3ed]
V  [jvm.dll+0x83c7c4]
V  [jvm.dll+0x83c890]
V  [jvm.dll+0x7e410a]
V  [jvm.dll+0x67c315]
C  [ucrtbase.dll+0x29333]
C  [KERNEL32.DLL+0x1257d]
C  [ntdll.dll+0x5af28]

VM_Operation (0x0000001b287feae0): G1CollectFull, mode: safepoint, requested by thread 0x0000020dc55faf90


---------------  P R O C E S S  ---------------

Threads class SMR info:
_java_thread_list=0x0000020dc7364540, length=24, elements={
0x0000020dc066b370, 0x0000020dc066c100, 0x0000020dc06a3410, 0x0000020dc06a40a0,
0x0000020dc06a4970, 0x0000020dc07bc8b0, 0x0000020dc07bf240, 0x0000020dc07e2120,
0x0000020dc09b33c0, 0x0000020dc09b5b50, 0x0000020dc643b080, 0x0000020dc55faf90,
0x0000020dc577e840, 0x0000020db60f7dc0, 0x0000020dc554b570, 0x0000020dc6038aa0,
0x0000020dc65667d0, 0x0000020dc655ad80, 0x0000020dc655a870, 0x0000020dc655b290,
0x0000020dc65fb100, 0x0000020dc65fa1d0, 0x0000020dc65fc540, 0x0000020dc65fb610
}

Java Threads: ( => current thread )
  0x0000020dc066b370 JavaThread "Reference Handler" daemon [_thread_blocked, id=5252, stack(0x0000001b27600000,0x0000001b27700000)]
  0x0000020dc066c100 JavaThread "Finalizer" daemon [_thread_blocked, id=14248, stack(0x0000001b27700000,0x0000001b27800000)]
  0x0000020dc06a3410 JavaThread "Signal Dispatcher" daemon [_thread_blocked, id=11820, stack(0x0000001b27800000,0x0000001b27900000)]
  0x0000020dc06a40a0 JavaThread "Attach Listener" daemon [_thread_blocked, id=14520, stack(0x0000001b27900000,0x0000001b27a00000)]
  0x0000020dc06a4970 JavaThread "Service Thread" daemon [_thread_blocked, id=14068, stack(0x0000001b27a00000,0x0000001b27b00000)]
  0x0000020dc07bc8b0 JavaThread "Monitor Deflation Thread" daemon [_thread_blocked, id=16480, stack(0x0000001b27b00000,0x0000001b27c00000)]
  0x0000020dc07bf240 JavaThread "C1 CompilerThread0" daemon [_thread_blocked, id=676, stack(0x0000001b27c00000,0x0000001b27d00000)]
  0x0000020dc07e2120 JavaThread "Sweeper thread" daemon [_thread_blocked, id=688, stack(0x0000001b27d00000,0x0000001b27e00000)]
  0x0000020dc09b33c0 JavaThread "Notification Thread" daemon [_thread_blocked, id=13820, stack(0x0000001b27f00000,0x0000001b28000000)]
  0x0000020dc09b5b50 JavaThread "Common-Cleaner" daemon [_thread_blocked, id=10608, stack(0x0000001b28100000,0x0000001b28200000)]
  0x0000020dc643b080 JavaThread "boundedElastic-evictor-1" daemon [_thread_blocked, id=8052, stack(0x0000001b28500000,0x0000001b28600000)]
  0x0000020dc55faf90 JavaThread "pool-13-thread-1" [_thread_blocked, id=18004, stack(0x0000001b28700000,0x0000001b28800000)]
  0x0000020dc577e840 JavaThread "LanguageServerApp-lifecycle" [_thread_blocked, id=15344, stack(0x0000001b28800000,0x0000001b28900000)]
  0x0000020db60f7dc0 JavaThread "DestroyJavaVM" [_thread_blocked, id=19540, stack(0x0000001b26f00000,0x0000001b27000000)]
  0x0000020dc554b570 JavaThread "pool-14-thread-1" [_thread_in_native, id=12500, stack(0x0000001b28900000,0x0000001b28a00000)]
  0x0000020dc6038aa0 JavaThread "Simple-Language-Server main thread" daemon [_thread_blocked, id=8380, stack(0x0000001b28a00000,0x0000001b28b00000)]
  0x0000020dc65667d0 JavaThread "parallel-1" daemon [_thread_blocked, id=20132, stack(0x0000001b28c00000,0x0000001b28d00000)]
  0x0000020dc655ad80 JavaThread "pool-6-thread-1" [_thread_blocked, id=10060, stack(0x0000001b28d00000,0x0000001b28e00000)]
  0x0000020dc655a870 JavaThread "parallel-2" daemon [_thread_blocked, id=12148, stack(0x0000001b28e00000,0x0000001b28f00000)]
  0x0000020dc655b290 JavaThread "parallel-3" daemon [_thread_blocked, id=15384, stack(0x0000001b28f00000,0x0000001b29000000)]
  0x0000020dc65fb100 JavaThread "parallel-4" daemon [_thread_blocked, id=17672, stack(0x0000001b29700000,0x0000001b29800000)]
  0x0000020dc65fa1d0 JavaThread "Reconciler-1" daemon [_thread_blocked, id=2480, stack(0x0000001b29800000,0x0000001b29900000)]
  0x0000020dc65fc540 JavaThread "pool-8-thread-1" [_thread_blocked, id=10032, stack(0x0000001b26d00000,0x0000001b26e00000)]
  0x0000020dc65fb610 JavaThread "CompletableFutureDelayScheduler" daemon [_thread_blocked, id=9352, stack(0x0000001b29200000,0x0000001b29300000)]

Other Threads:
=>0x0000020dc0655dc0 VMThread "VM Thread" [stack: 0x0000001b27500000,0x0000001b27600000] [id=17968]
  0x0000020dc09b38a0 WatcherThread [stack: 0x0000001b28000000,0x0000001b28100000] [id=3404]
  0x0000020db61354b0 GCTaskThread "GC Thread#0" [stack: 0x0000001b27000000,0x0000001b27100000] [id=11096]
  0x0000020dc08997c0 GCTaskThread "GC Thread#1" [stack: 0x0000001b27e00000,0x0000001b27f00000] [id=16076]
  0x0000020dc0899a80 GCTaskThread "GC Thread#2" [stack: 0x0000001b28200000,0x0000001b28300000] [id=22204]
  0x0000020dc511b5f0 GCTaskThread "GC Thread#3" [stack: 0x0000001b28400000,0x0000001b28500000] [id=18784]
  0x0000020db613e310 ConcurrentGCThread "G1 Main Marker" [stack: 0x0000001b27100000,0x0000001b27200000] [id=13832]
  0x0000020db613ec40 ConcurrentGCThread "G1 Conc#0" [stack: 0x0000001b27200000,0x0000001b27300000] [id=15132]
  0x0000020db6194be0 ConcurrentGCThread "G1 Refine#0" [stack: 0x0000001b27300000,0x0000001b27400000] [id=11556]
  0x0000020db6195520 ConcurrentGCThread "G1 Service" [stack: 0x0000001b27400000,0x0000001b27500000] [id=3308]

Threads with active compile tasks:

VM state: at safepoint (normal execution)

VM Mutex/Monitor currently owned by a thread:  ([mutex/lock_event])
[0x0000020db3f900e0] Threads_lock - owner thread: 0x0000020dc0655dc0
[0x0000020db60f57a0] Heap_lock - owner thread: 0x0000020dc55faf90

Heap address: 0x00000000c0000000, size: 1024 MB, Compressed Oops mode: 32-bit

CDS archive(s) not mapped
Compressed class space mapped at: 0x0000000100000000-0x0000000140000000, reserved size: 1073741824
Narrow klass base: 0x0000000000000000, Narrow klass shift: 3, Narrow klass range: 0x140000000

GC Precious Log:
 CPUs: 4 total, 4 available
 Memory: 8026M
 Large Page Support: Disabled
 NUMA Support: Disabled
 Compressed Oops: Enabled (32-bit)
 Heap Region Size: 1M
 Heap Min Capacity: 8M
 Heap Initial Capacity: 126M
 Heap Max Capacity: 1G
 Pre-touch: Disabled
 Parallel Workers: 4
 Concurrent Workers: 1
 Concurrent Refinement Workers: 4
 Periodic GC: Disabled

Heap:
 garbage-first heap   total 92160K, used 35979K [0x00000000c0000000, 0x0000000100000000)
  region size 1024K, 1 young (1024K), 0 survivors (0K)
 Metaspace       used 62667K, committed 63104K, reserved 1114112K
  class space    used 7683K, committed 7872K, reserved 1048576K

Heap Regions: E=young(eden), S=young(survivor), O=old, HS=humongous(starts), HC=humongous(continues), CS=collection set, F=free, OA=open archive, CA=closed archive, TAMS=top-at-mark-start (previous, next)
|   0|0x00000000c0000000, 0x00000000c0100000, 0x00000000c0100000|100%|HS|  |TAMS 0x00000000c0100000, 0x00000000c0000000| Untracked 
|   1|0x00000000c0100000, 0x00000000c0200000, 0x00000000c0200000|100%|HC|  |TAMS 0x00000000c0200000, 0x00000000c0100000| Untracked 
|   2|0x00000000c0200000, 0x00000000c0300000, 0x00000000c0300000|100%|HC|  |TAMS 0x00000000c0300000, 0x00000000c0200000| Untracked 
|   3|0x00000000c0300000, 0x00000000c0400000, 0x00000000c0400000|100%|HC|  |TAMS 0x00000000c0400000, 0x00000000c0300000| Untracked 
|   4|0x00000000c0400000, 0x00000000c04ffd40, 0x00000000c0500000| 99%| O|  |TAMS 0x00000000c04ffd40, 0x00000000c0400000| Untracked 
|   5|0x00000000c0500000, 0x00000000c05ffff8, 0x00000000c0600000| 99%| O|  |TAMS 0x00000000c05ffff8, 0x00000000c0500000| Untracked 
|   6|0x00000000c0600000, 0x00000000c0700000, 0x00000000c0700000|100%| O|  |TAMS 0x00000000c0700000, 0x00000000c0600000| Untracked 
|   7|0x00000000c0700000, 0x00000000c07fedc0, 0x00000000c0800000| 99%| O|  |TAMS 0x00000000c07fedc0, 0x00000000c0700000| Untracked 
|   8|0x00000000c0800000, 0x00000000c0900000, 0x00000000c0900000|100%| O|  |TAMS 0x00000000c0900000, 0x00000000c0800000| Untracked 
|   9|0x00000000c0900000, 0x00000000c0a00000, 0x00000000c0a00000|100%| O|  |TAMS 0x00000000c0a00000, 0x00000000c0900000| Untracked 
|  10|0x00000000c0a00000, 0x00000000c0b00000, 0x00000000c0b00000|100%|HS|  |TAMS 0x00000000c0b00000, 0x00000000c0a00000| Untracked 
|  11|0x00000000c0b00000, 0x00000000c0c00000, 0x00000000c0c00000|100%|HC|  |TAMS 0x00000000c0c00000, 0x00000000c0b00000| Untracked 
|  12|0x00000000c0c00000, 0x00000000c0cfff98, 0x00000000c0d00000| 99%| O|  |TAMS 0x00000000c0cfff98, 0x00000000c0c00000| Untracked 
|  13|0x00000000c0d00000, 0x00000000c0dfffe8, 0x00000000c0e00000| 99%| O|  |TAMS 0x00000000c0dfffe8, 0x00000000c0d00000| Untracked 
|  14|0x00000000c0e00000, 0x00000000c0effff8, 0x00000000c0f00000| 99%| O|  |TAMS 0x00000000c0effff8, 0x00000000c0e00000| Untracked 
|  15|0x00000000c0f00000, 0x00000000c0ffffb0, 0x00000000c1000000| 99%| O|  |TAMS 0x00000000c0ffffb0, 0x00000000c0f00000| Untracked 
|  16|0x00000000c1000000, 0x00000000c1100000, 0x00000000c1100000|100%| O|  |TAMS 0x00000000c1100000, 0x00000000c1000000| Untracked 
|  17|0x00000000c1100000, 0x00000000c1200000, 0x00000000c1200000|100%| O|  |TAMS 0x00000000c1200000, 0x00000000c1100000| Untracked 
|  18|0x00000000c1200000, 0x00000000c1300000, 0x00000000c1300000|100%| O|  |TAMS 0x00000000c1300000, 0x00000000c1200000| Untracked 
|  19|0x00000000c1300000, 0x00000000c1400000, 0x00000000c1400000|100%| O|  |TAMS 0x00000000c1400000, 0x00000000c1300000| Untracked 
|  20|0x00000000c1400000, 0x00000000c14f8cc0, 0x00000000c1500000| 97%| O|  |TAMS 0x00000000c14f8cc0, 0x00000000c1400000| Untracked 
|  21|0x00000000c1500000, 0x00000000c1600000, 0x00000000c1600000|100%| O|  |TAMS 0x00000000c1600000, 0x00000000c1500000| Untracked 
|  22|0x00000000c1600000, 0x00000000c16ffff0, 0x00000000c1700000| 99%| O|  |TAMS 0x00000000c16ffff0, 0x00000000c1600000| Untracked 
|  23|0x00000000c1700000, 0x00000000c17ffff8, 0x00000000c1800000| 99%| O|  |TAMS 0x00000000c17ffff8, 0x00000000c1700000| Untracked 
|  24|0x00000000c1800000, 0x00000000c18ffdd0, 0x00000000c1900000| 99%| O|  |TAMS 0x00000000c18ffdd0, 0x00000000c1800000| Untracked 
|  25|0x00000000c1900000, 0x00000000c19feac0, 0x00000000c1a00000| 99%| O|  |TAMS 0x00000000c19feac0, 0x00000000c1900000| Untracked 
|  26|0x00000000c1a00000, 0x00000000c1afffb8, 0x00000000c1b00000| 99%| O|  |TAMS 0x00000000c1afffb8, 0x00000000c1a00000| Untracked 
|  27|0x00000000c1b00000, 0x00000000c1bfffe8, 0x00000000c1c00000| 99%| O|  |TAMS 0x00000000c1bfffe8, 0x00000000c1b00000| Untracked 
|  28|0x00000000c1c00000, 0x00000000c1cffff0, 0x00000000c1d00000| 99%| O|  |TAMS 0x00000000c1cffff0, 0x00000000c1c00000| Untracked 
|  29|0x00000000c1d00000, 0x00000000c1df82a0, 0x00000000c1e00000| 96%| O|  |TAMS 0x00000000c1df82a0, 0x00000000c1d00000| Untracked 
|  30|0x00000000c1e00000, 0x00000000c1efffe0, 0x00000000c1f00000| 99%| O|  |TAMS 0x00000000c1efffe0, 0x00000000c1e00000| Untracked 
|  31|0x00000000c1f00000, 0x00000000c1ff8b98, 0x00000000c2000000| 97%| O|  |TAMS 0x00000000c1ff8b98, 0x00000000c1f00000| Untracked 
|  32|0x00000000c2000000, 0x00000000c20ffc90, 0x00000000c2100000| 99%| O|  |TAMS 0x00000000c20ffc90, 0x00000000c2000000| Untracked 
|  33|0x00000000c2100000, 0x00000000c213a090, 0x00000000c2200000| 22%| O|  |TAMS 0x00000000c2100000, 0x00000000c2100000| Untracked 
|  34|0x00000000c2200000, 0x00000000c2202298, 0x00000000c2300000|  0%| O|  |TAMS 0x00000000c2200000, 0x00000000c2200000| Untracked 
|  35|0x00000000c2300000, 0x00000000c2300000, 0x00000000c2400000|  0%| F|  |TAMS 0x00000000c2300000, 0x00000000c2300000| Untracked 
|  36|0x00000000c2400000, 0x00000000c2400000, 0x00000000c2500000|  0%| F|  |TAMS 0x00000000c2400000, 0x00000000c2400000| Untracked 
|  37|0x00000000c2500000, 0x00000000c2500000, 0x00000000c2600000|  0%| F|  |TAMS 0x00000000c2500000, 0x00000000c2500000| Untracked 
|  38|0x00000000c2600000, 0x00000000c2600000, 0x00000000c2700000|  0%| F|  |TAMS 0x00000000c2600000, 0x00000000c2600000| Untracked 
|  39|0x00000000c2700000, 0x00000000c2700000, 0x00000000c2800000|  0%| F|  |TAMS 0x00000000c2700000, 0x00000000c2700000| Untracked 
|  40|0x00000000c2800000, 0x00000000c2800000, 0x00000000c2900000|  0%| F|  |TAMS 0x00000000c2800000, 0x00000000c2800000| Untracked 
|  41|0x00000000c2900000, 0x00000000c2900000, 0x00000000c2a00000|  0%| F|  |TAMS 0x00000000c2900000, 0x00000000c2900000| Untracked 
|  42|0x00000000c2a00000, 0x00000000c2a00000, 0x00000000c2b00000|  0%| F|  |TAMS 0x00000000c2a00000, 0x00000000c2a00000| Untracked 
|  43|0x00000000c2b00000, 0x00000000c2b00000, 0x00000000c2c00000|  0%| F|  |TAMS 0x00000000c2b00000, 0x00000000c2b00000| Untracked 
|  44|0x00000000c2c00000, 0x00000000c2c00000, 0x00000000c2d00000|  0%| F|  |TAMS 0x00000000c2c00000, 0x00000000c2c00000| Untracked 
|  45|0x00000000c2d00000, 0x00000000c2d00000, 0x00000000c2e00000|  0%| F|  |TAMS 0x00000000c2d00000, 0x00000000c2d00000| Untracked 
|  46|0x00000000c2e00000, 0x00000000c2e00000, 0x00000000c2f00000|  0%| F|  |TAMS 0x00000000c2e00000, 0x00000000c2e00000| Untracked 
|  47|0x00000000c2f00000, 0x00000000c2f00000, 0x00000000c3000000|  0%| F|  |TAMS 0x00000000c2f00000, 0x00000000c2f00000| Untracked 
|  48|0x00000000c3000000, 0x00000000c3000000, 0x00000000c3100000|  0%| F|  |TAMS 0x00000000c3000000, 0x00000000c3000000| Untracked 
|  49|0x00000000c3100000, 0x00000000c3100000, 0x00000000c3200000|  0%| F|  |TAMS 0x00000000c3100000, 0x00000000c3100000| Untracked 
|  50|0x00000000c3200000, 0x00000000c3200000, 0x00000000c3300000|  0%| F|  |TAMS 0x00000000c3200000, 0x00000000c3200000| Untracked 
|  51|0x00000000c3300000, 0x00000000c3300000, 0x00000000c3400000|  0%| F|  |TAMS 0x00000000c3300000, 0x00000000c3300000| Untracked 
|  52|0x00000000c3400000, 0x00000000c3400000, 0x00000000c3500000|  0%| F|  |TAMS 0x00000000c3400000, 0x00000000c3400000| Untracked 
|  53|0x00000000c3500000, 0x00000000c3500000, 0x00000000c3600000|  0%| F|  |TAMS 0x00000000c3500000, 0x00000000c3500000| Untracked 
|  54|0x00000000c3600000, 0x00000000c3600000, 0x00000000c3700000|  0%| F|  |TAMS 0x00000000c3600000, 0x00000000c3600000| Untracked 
|  55|0x00000000c3700000, 0x00000000c3700000, 0x00000000c3800000|  0%| F|  |TAMS 0x00000000c3700000, 0x00000000c3700000| Untracked 
|  56|0x00000000c3800000, 0x00000000c3800000, 0x00000000c3900000|  0%| F|  |TAMS 0x00000000c3800000, 0x00000000c3800000| Untracked 
|  57|0x00000000c3900000, 0x00000000c3900000, 0x00000000c3a00000|  0%| F|  |TAMS 0x00000000c3900000, 0x00000000c3900000| Untracked 
|  58|0x00000000c3a00000, 0x00000000c3a00000, 0x00000000c3b00000|  0%| F|  |TAMS 0x00000000c3a00000, 0x00000000c3a00000| Untracked 
|  59|0x00000000c3b00000, 0x00000000c3b00000, 0x00000000c3c00000|  0%| F|  |TAMS 0x00000000c3b00000, 0x00000000c3b00000| Untracked 
|  60|0x00000000c3c00000, 0x00000000c3c00000, 0x00000000c3d00000|  0%| F|  |TAMS 0x00000000c3c00000, 0x00000000c3c00000| Untracked 
|  61|0x00000000c3d00000, 0x00000000c3d00000, 0x00000000c3e00000|  0%| F|  |TAMS 0x00000000c3d00000, 0x00000000c3d00000| Untracked 
|  62|0x00000000c3e00000, 0x00000000c3e00000, 0x00000000c3f00000|  0%| F|  |TAMS 0x00000000c3e00000, 0x00000000c3e00000| Untracked 
|  63|0x00000000c3f00000, 0x00000000c3f00000, 0x00000000c4000000|  0%| F|  |TAMS 0x00000000c3f00000, 0x00000000c3f00000| Untracked 
|  64|0x00000000c4000000, 0x00000000c4000000, 0x00000000c4100000|  0%| F|  |TAMS 0x00000000c4000000, 0x00000000c4000000| Untracked 
|  65|0x00000000c4100000, 0x00000000c4100000, 0x00000000c4200000|  0%| F|  |TAMS 0x00000000c4100000, 0x00000000c4100000| Untracked 
|  66|0x00000000c4200000, 0x00000000c4200000, 0x00000000c4300000|  0%| F|  |TAMS 0x00000000c4200000, 0x00000000c4200000| Untracked 
|  67|0x00000000c4300000, 0x00000000c4300000, 0x00000000c4400000|  0%| F|  |TAMS 0x00000000c4300000, 0x00000000c4300000| Untracked 
|  68|0x00000000c4400000, 0x00000000c4400000, 0x00000000c4500000|  0%| F|  |TAMS 0x00000000c4400000, 0x00000000c4400000| Untracked 
|  69|0x00000000c4500000, 0x00000000c4500000, 0x00000000c4600000|  0%| F|  |TAMS 0x00000000c4500000, 0x00000000c4500000| Untracked 
|  70|0x00000000c4600000, 0x00000000c4600000, 0x00000000c4700000|  0%| F|  |TAMS 0x00000000c4600000, 0x00000000c4600000| Untracked 
|  71|0x00000000c4700000, 0x00000000c4700000, 0x00000000c4800000|  0%| F|  |TAMS 0x00000000c4700000, 0x00000000c4700000| Untracked 
|  72|0x00000000c4800000, 0x00000000c4800000, 0x00000000c4900000|  0%| F|  |TAMS 0x00000000c4800000, 0x00000000c4800000| Untracked 
|  73|0x00000000c4900000, 0x00000000c4900000, 0x00000000c4a00000|  0%| F|  |TAMS 0x00000000c4900000, 0x00000000c4900000| Untracked 
|  74|0x00000000c4a00000, 0x00000000c4a00000, 0x00000000c4b00000|  0%| F|  |TAMS 0x00000000c4a00000, 0x00000000c4a00000| Untracked 
|  75|0x00000000c4b00000, 0x00000000c4b00000, 0x00000000c4c00000|  0%| F|  |TAMS 0x00000000c4b00000, 0x00000000c4b00000| Untracked 
|  76|0x00000000c4c00000, 0x00000000c4c00000, 0x00000000c4d00000|  0%| F|  |TAMS 0x00000000c4c00000, 0x00000000c4c00000| Untracked 
|  77|0x00000000c4d00000, 0x00000000c4d00000, 0x00000000c4e00000|  0%| F|  |TAMS 0x00000000c4d00000, 0x00000000c4d00000| Untracked 
|  78|0x00000000c4e00000, 0x00000000c4e00000, 0x00000000c4f00000|  0%| F|  |TAMS 0x00000000c4e00000, 0x00000000c4e00000| Untracked 
|  79|0x00000000c4f00000, 0x00000000c4f00000, 0x00000000c5000000|  0%| F|  |TAMS 0x00000000c4f00000, 0x00000000c4f00000| Untracked 
|  80|0x00000000c5000000, 0x00000000c5000000, 0x00000000c5100000|  0%| F|  |TAMS 0x00000000c5000000, 0x00000000c5000000| Untracked 
|  81|0x00000000c5100000, 0x00000000c5100000, 0x00000000c5200000|  0%| F|  |TAMS 0x00000000c5100000, 0x00000000c5100000| Untracked 
|  82|0x00000000c5200000, 0x00000000c5200000, 0x00000000c5300000|  0%| F|  |TAMS 0x00000000c5200000, 0x00000000c5200000| Untracked 
|  83|0x00000000c5300000, 0x00000000c5300000, 0x00000000c5400000|  0%| F|  |TAMS 0x00000000c5300000, 0x00000000c5300000| Untracked 
|  84|0x00000000c5400000, 0x00000000c5400000, 0x00000000c5500000|  0%| F|  |TAMS 0x00000000c5400000, 0x00000000c5400000| Untracked 
|  85|0x00000000c5500000, 0x00000000c5500000, 0x00000000c5600000|  0%| F|  |TAMS 0x00000000c5500000, 0x00000000c5500000| Untracked 
|  86|0x00000000c5600000, 0x00000000c5600000, 0x00000000c5700000|  0%| F|  |TAMS 0x00000000c5600000, 0x00000000c5600000| Untracked 
|  87|0x00000000c5700000, 0x00000000c5800000, 0x00000000c5800000|100%| O|  |TAMS 0x00000000c5800000, 0x00000000c5700000| Untracked 
|  88|0x00000000c5800000, 0x00000000c5900000, 0x00000000c5900000|100%| O|  |TAMS 0x00000000c5900000, 0x00000000c5800000| Untracked 
| 125|0x00000000c7d00000, 0x00000000c7d073b8, 0x00000000c7e00000|  2%| E|  |TAMS 0x00000000c7d00000, 0x00000000c7d00000| Complete 

Card table byte_map: [0x0000020dbbd80000,0x0000020dbbf80000] _byte_map_base: 0x0000020dbb780000

Marking Bits (Prev, Next): (CMBitMap*) 0x0000020db61359e0, (CMBitMap*) 0x0000020db6135a20
 Prev Bits: [0x0000020dbc180000, 0x0000020dbd180000)
 Next Bits: [0x0000020dbd180000, 0x0000020dbe180000)

Polling page: 0x0000020db4070000

Metaspace:

Usage:
  Non-class:     53.70 MB used.
      Class:      7.50 MB used.
       Both:     61.20 MB used.

Virtual space:
  Non-class space:       64.00 MB reserved,      53.94 MB ( 84%) committed,  1 nodes.
      Class space:        1.00 GB reserved,       7.69 MB ( <1%) committed,  1 nodes.
             Both:        1.06 GB reserved,      61.62 MB (  6%) committed. 

Chunk freelists:
   Non-Class:  9.37 MB
       Class:  8.28 MB
        Both:  17.65 MB

MaxMetaspaceSize: unlimited
CompressedClassSpaceSize: 1.00 GB
Initial GC threshold: 21.00 MB
Current GC threshold: 102.75 MB
CDS: off
MetaspaceReclaimPolicy: balanced
 - commit_granule_bytes: 65536.
 - commit_granule_words: 8192.
 - virtual_space_node_default_size: 8388608.
 - enlarge_chunks_in_place: 1.
 - new_chunks_are_fully_committed: 0.
 - uncommit_free_chunks: 1.
 - use_allocation_guard: 0.
 - handle_deallocations: 1.


Internal statistics:

num_allocs_failed_limit: 8.
num_arena_births: 828.
num_arena_deaths: 332.
num_vsnodes_births: 2.
num_vsnodes_deaths: 0.
num_space_committed: 985.
num_space_uncommitted: 0.
num_chunks_returned_to_freelist: 404.
num_chunks_taken_from_freelist: 2961.
num_chunk_merges: 131.
num_chunk_splits: 1937.
num_chunks_enlarged: 1453.
num_inconsistent_stats: 0.

CodeCache: size=49152Kb used=13626Kb max_used=14508Kb free=35525Kb
 bounds [0x0000020db8d80000, 0x0000020db9bd0000, 0x0000020dbbd80000]
 total_blobs=8232 nmethods=7552 adapters=607
 compilation: enabled
              stopped_count=0, restarted_count=0
 full_count=0

Compilation events (20 events):
Event: 1506.616 Thread 0x0000020dc07bf240 7543       1       org.eclipse.jdt.core.dom.Modifier::getNodeType0 (3 bytes)
Event: 1506.616 Thread 0x0000020dc07bf240 nmethod 7543 0x0000020db9bbe410 code [0x0000020db9bbe5a0, 0x0000020db9bbe678]
Event: 1578.337 Thread 0x0000020dc07bf240 7544       1       org.springframework.ide.vscode.commons.languageserver.util.ParentProcessWatcher::isWindows (30 bytes)
Event: 1578.363 Thread 0x0000020dc07bf240 nmethod 7544 0x0000020db9bbdc10 code [0x0000020db9bbde40, 0x0000020db9bbe1c8]
Event: 1578.466 Thread 0x0000020dc07bf240 7545   !   1       com.google.common.io.Closeables::close (37 bytes)
Event: 1578.501 Thread 0x0000020dc07bf240 nmethod 7545 0x0000020db9bbd490 code [0x0000020db9bbd680, 0x0000020db9bbda28]
Event: 1607.360 Thread 0x0000020dc07bf240 7546       1       org.eclipse.jdt.internal.compiler.lookup.FieldBinding::original (2 bytes)
Event: 1607.361 Thread 0x0000020dc07bf240 nmethod 7546 0x0000020db9bbd190 code [0x0000020db9bbd320, 0x0000020db9bbd3f8]
Event: 1607.363 Thread 0x0000020dc07bf240 7547       1       org.eclipse.jdt.internal.compiler.lookup.ClassScope::referenceType (5 bytes)
Event: 1607.363 Thread 0x0000020dc07bf240 nmethod 7547 0x0000020db9bbce90 code [0x0000020db9bbd020, 0x0000020db9bbd0f8]
Event: 1607.363 Thread 0x0000020dc07bf240 7548   !   1       org.eclipse.jdt.internal.compiler.lookup.SourceTypeBinding::components (777 bytes)
Event: 1607.368 Thread 0x0000020dc07bf240 nmethod 7548 0x0000020db9bba590 code [0x0000020db9bba8c0, 0x0000020db9bbbde8]
Event: 1607.368 Thread 0x0000020dc07bf240 7549       1       org.eclipse.jdt.internal.compiler.parser.Scanner::<init> (493 bytes)
Event: 1607.374 Thread 0x0000020dc07bf240 nmethod 7549 0x0000020db9bb8d10 code [0x0000020db9bb8f60, 0x0000020db9bba028]
Event: 1607.374 Thread 0x0000020dc07bf240 7550       1       org.eclipse.jdt.internal.compiler.ast.SingleTypeReference::getTypeName (12 bytes)
Event: 1607.374 Thread 0x0000020dc07bf240 nmethod 7550 0x0000020db9bb8890 code [0x0000020db9bb8a20, 0x0000020db9bb8c38]
Event: 1607.374 Thread 0x0000020dc07bf240 7551       1       org.eclipse.jdt.core.dom.SimpleType::isVar (62 bytes)
Event: 1607.376 Thread 0x0000020dc07bf240 nmethod 7551 0x0000020db9bb8210 code [0x0000020db9bb83e0, 0x0000020db9bb86b8]
Event: 1607.376 Thread 0x0000020dc07bf240 7552       1       org.eclipse.jdt.core.dom.MethodDeclaration::accept0 (174 bytes)
Event: 1607.379 Thread 0x0000020dc07bf240 nmethod 7552 0x0000020db9bb6b90 code [0x0000020db9bb6f20, 0x0000020db9bb7ab8]

GC Heap History (20 events):
Event: 1568.304 GC heap before
{Heap before GC invocations=109 (full 84):
 garbage-first heap   total 92160K, used 35971K [0x00000000c0000000, 0x0000000100000000)
  region size 1024K, 1 young (1024K), 0 survivors (0K)
 Metaspace       used 62667K, committed 63104K, reserved 1114112K
  class space    used 7683K, committed 7872K, reserved 1048576K
}
Event: 1568.336 GC heap after
{Heap after GC invocations=110 (full 85):
 garbage-first heap   total 92160K, used 35969K [0x00000000c0000000, 0x0000000100000000)
  region size 1024K, 0 young (0K), 0 survivors (0K)
 Metaspace       used 62667K, committed 63104K, reserved 1114112K
  class space    used 7683K, committed 7872K, reserved 1048576K
}
Event: 1578.467 GC heap before
{Heap before GC invocations=110 (full 85):
 garbage-first heap   total 92160K, used 35969K [0x00000000c0000000, 0x0000000100000000)
  region size 1024K, 1 young (1024K), 0 survivors (0K)
 Metaspace       used 62667K, committed 63104K, reserved 1114112K
  class space    used 7683K, committed 7872K, reserved 1048576K
}
Event: 1578.497 GC heap after
{Heap after GC invocations=111 (full 86):
 garbage-first heap   total 92160K, used 35969K [0x00000000c0000000, 0x0000000100000000)
  region size 1024K, 0 young (0K), 0 survivors (0K)
 Metaspace       used 62667K, committed 63104K, reserved 1114112K
  class space    used 7683K, committed 7872K, reserved 1048576K
}
Event: 1638.699 GC heap before
{Heap before GC invocations=111 (full 86):
 garbage-first heap   total 92160K, used 38017K [0x00000000c0000000, 0x0000000100000000)
  region size 1024K, 3 young (3072K), 0 survivors (0K)
 Metaspace       used 62667K, committed 63104K, reserved 1114112K
  class space    used 7683K, committed 7872K, reserved 1048576K
}
Event: 1638.744 GC heap after
{Heap after GC invocations=112 (full 87):
 garbage-first heap   total 92160K, used 36043K [0x00000000c0000000, 0x0000000100000000)
  region size 1024K, 0 young (0K), 0 survivors (0K)
 Metaspace       used 62667K, committed 63104K, reserved 1114112K
  class space    used 7683K, committed 7872K, reserved 1048576K
}
Event: 1648.890 GC heap before
{Heap before GC invocations=112 (full 87):
 garbage-first heap   total 92160K, used 36043K [0x00000000c0000000, 0x0000000100000000)
  region size 1024K, 1 young (1024K), 0 survivors (0K)
 Metaspace       used 62667K, committed 63104K, reserved 1114112K
  class space    used 7683K, committed 7872K, reserved 1048576K
}
Event: 1648.927 GC heap after
{Heap after GC invocations=113 (full 88):
 garbage-first heap   total 92160K, used 35979K [0x00000000c0000000, 0x0000000100000000)
  region size 1024K, 0 young (0K), 0 survivors (0K)
 Metaspace       used 62667K, committed 63104K, reserved 1114112K
  class space    used 7683K, committed 7872K, reserved 1048576K
}
Event: 1659.049 GC heap before
{Heap before GC invocations=113 (full 88):
 garbage-first heap   total 92160K, used 35979K [0x00000000c0000000, 0x0000000100000000)
  region size 1024K, 1 young (1024K), 0 survivors (0K)
 Metaspace       used 62667K, committed 63104K, reserved 1114112K
  class space    used 7683K, committed 7872K, reserved 1048576K
}
Event: 1659.089 GC heap after
{Heap after GC invocations=114 (full 89):
 garbage-first heap   total 92160K, used 35979K [0x00000000c0000000, 0x0000000100000000)
  region size 1024K, 0 young (0K), 0 survivors (0K)
 Metaspace       used 62667K, committed 63104K, reserved 1114112K
  class space    used 7683K, committed 7872K, reserved 1048576K
}
Event: 1669.238 GC heap before
{Heap before GC invocations=114 (full 89):
 garbage-first heap   total 92160K, used 35979K [0x00000000c0000000, 0x0000000100000000)
  region size 1024K, 1 young (1024K), 0 survivors (0K)
 Metaspace       used 62667K, committed 63104K, reserved 1114112K
  class space    used 7683K, committed 7872K, reserved 1048576K
}
Event: 1669.276 GC heap after
{Heap after GC invocations=115 (full 90):
 garbage-first heap   total 92160K, used 35979K [0x00000000c0000000, 0x0000000100000000)
  region size 1024K, 0 young (0K), 0 survivors (0K)
 Metaspace       used 62667K, committed 63104K, reserved 1114112K
  class space    used 7683K, committed 7872K, reserved 1048576K
}
Event: 1679.402 GC heap before
{Heap before GC invocations=115 (full 90):
 garbage-first heap   total 92160K, used 35979K [0x00000000c0000000, 0x0000000100000000)
  region size 1024K, 1 young (1024K), 0 survivors (0K)
 Metaspace       used 62667K, committed 63104K, reserved 1114112K
  class space    used 7683K, committed 7872K, reserved 1048576K
}
Event: 1679.448 GC heap after
{Heap after GC invocations=116 (full 91):
 garbage-first heap   total 92160K, used 35979K [0x00000000c0000000, 0x0000000100000000)
  region size 1024K, 0 young (0K), 0 survivors (0K)
 Metaspace       used 62667K, committed 63104K, reserved 1114112K
  class space    used 7683K, committed 7872K, reserved 1048576K
}
Event: 1689.596 GC heap before
{Heap before GC invocations=116 (full 91):
 garbage-first heap   total 92160K, used 35979K [0x00000000c0000000, 0x0000000100000000)
  region size 1024K, 1 young (1024K), 0 survivors (0K)
 Metaspace       used 62667K, committed 63104K, reserved 1114112K
  class space    used 7683K, committed 7872K, reserved 1048576K
}
Event: 1689.638 GC heap after
{Heap after GC invocations=117 (full 92):
 garbage-first heap   total 92160K, used 35979K [0x00000000c0000000, 0x0000000100000000)
  region size 1024K, 0 young (0K), 0 survivors (0K)
 Metaspace       used 62667K, committed 63104K, reserved 1114112K
  class space    used 7683K, committed 7872K, reserved 1048576K
}
Event: 1699.820 GC heap before
{Heap before GC invocations=117 (full 92):
 garbage-first heap   total 92160K, used 35979K [0x00000000c0000000, 0x0000000100000000)
  region size 1024K, 1 young (1024K), 0 survivors (0K)
 Metaspace       used 62667K, committed 63104K, reserved 1114112K
  class space    used 7683K, committed 7872K, reserved 1048576K
}
Event: 1699.861 GC heap after
{Heap after GC invocations=118 (full 93):
 garbage-first heap   total 92160K, used 35979K [0x00000000c0000000, 0x0000000100000000)
  region size 1024K, 0 young (0K), 0 survivors (0K)
 Metaspace       used 62667K, committed 63104K, reserved 1114112K
  class space    used 7683K, committed 7872K, reserved 1048576K
}
Event: 1710.151 GC heap before
{Heap before GC invocations=118 (full 93):
 garbage-first heap   total 92160K, used 35979K [0x00000000c0000000, 0x0000000100000000)
  region size 1024K, 1 young (1024K), 0 survivors (0K)
 Metaspace       used 62667K, committed 63104K, reserved 1114112K
  class space    used 7683K, committed 7872K, reserved 1048576K
}
Event: 1710.192 GC heap after
{Heap after GC invocations=119 (full 94):
 garbage-first heap   total 92160K, used 35979K [0x00000000c0000000, 0x0000000100000000)
  region size 1024K, 0 young (0K), 0 survivors (0K)
 Metaspace       used 62667K, committed 63104K, reserved 1114112K
  class space    used 7683K, committed 7872K, reserved 1048576K
}

Dll operation events (10 events):
Event: 0.014 Loaded shared library c:\Users\iqbal\.vscode\extensions\redhat.java-1.32.0-win32-x64\jre\17.0.11-win32-x86_64\bin\java.dll
Event: 0.517 Loaded shared library C:\Users\iqbal\.vscode\extensions\redhat.java-1.32.0-win32-x64\jre\17.0.11-win32-x86_64\bin\net.dll
Event: 0.523 Loaded shared library C:\Users\iqbal\.vscode\extensions\redhat.java-1.32.0-win32-x64\jre\17.0.11-win32-x86_64\bin\nio.dll
Event: 1.231 Loaded shared library C:\Users\iqbal\.vscode\extensions\redhat.java-1.32.0-win32-x64\jre\17.0.11-win32-x86_64\bin\zip.dll
Event: 15.120 Loaded shared library C:\Users\iqbal\.vscode\extensions\redhat.java-1.32.0-win32-x64\jre\17.0.11-win32-x86_64\bin\jimage.dll
Event: 16.661 Loaded shared library c:\Users\iqbal\.vscode\extensions\redhat.java-1.32.0-win32-x64\jre\17.0.11-win32-x86_64\bin\verify.dll
Event: 22.418 Loaded shared library C:\Users\iqbal\.vscode\extensions\redhat.java-1.32.0-win32-x64\jre\17.0.11-win32-x86_64\bin\management.dll
Event: 22.421 Loaded shared library C:\Users\iqbal\.vscode\extensions\redhat.java-1.32.0-win32-x64\jre\17.0.11-win32-x86_64\bin\management_ext.dll
Event: 24.165 Loaded shared library C:\Users\iqbal\.vscode\extensions\redhat.java-1.32.0-win32-x64\jre\17.0.11-win32-x86_64\bin\sunmscapi.dll
Event: 24.629 Loaded shared library C:\Users\iqbal\.vscode\extensions\redhat.java-1.32.0-win32-x64\jre\17.0.11-win32-x86_64\bin\extnet.dll

Deoptimization events (18 events):
Event: 23.257 Thread 0x0000020dc554b570 DEOPT PACKING pc=0x0000020db92b8401 sp=0x0000001b289fd920
Event: 23.257 Thread 0x0000020dc554b570 DEOPT UNPACKING pc=0x0000020db8dd7143 sp=0x0000001b289fcdb0 mode 3
Event: 23.346 Thread 0x0000020dc6038aa0 DEOPT PACKING pc=0x0000020db9299e17 sp=0x0000001b28afed20
Event: 23.346 Thread 0x0000020dc6038aa0 DEOPT UNPACKING pc=0x0000020db8dd7143 sp=0x0000001b28afe178 mode 3
Event: 24.333 Thread 0x0000020dc655bcb0 DEOPT PACKING pc=0x0000020db8f02c8c sp=0x0000001b292faa70
Event: 24.333 Thread 0x0000020dc655bcb0 DEOPT UNPACKING pc=0x0000020db8dd7143 sp=0x0000001b292f9f38 mode 0
Event: 28.520 Thread 0x0000020dc655bcb0 DEOPT PACKING pc=0x0000020db9471b24 sp=0x0000001b292ff0d0
Event: 28.520 Thread 0x0000020dc65fd470 DEOPT PACKING pc=0x0000020db9471b24 sp=0x0000001b294ff1e0
Event: 28.520 Thread 0x0000020dc65fd470 DEOPT UNPACKING pc=0x0000020db8dd7143 sp=0x0000001b294fe6c8 mode 0
Event: 28.520 Thread 0x0000020dc655bcb0 DEOPT UNPACKING pc=0x0000020db8dd7143 sp=0x0000001b292fe5b8 mode 0
Event: 29.225 Thread 0x0000020dc655ad80 DEOPT PACKING pc=0x0000020db97f748c sp=0x0000001b28dfe2a0
Event: 29.225 Thread 0x0000020dc655ad80 DEOPT UNPACKING pc=0x0000020db8dd7143 sp=0x0000001b28dfd820 mode 0
Event: 29.225 Thread 0x0000020dc655ad80 DEOPT PACKING pc=0x0000020db97f748c sp=0x0000001b28dfe500
Event: 29.225 Thread 0x0000020dc655ad80 DEOPT UNPACKING pc=0x0000020db8dd7143 sp=0x0000001b28dfda80 mode 0
Event: 29.226 Thread 0x0000020dc655ad80 DEOPT PACKING pc=0x0000020db97f748c sp=0x0000001b28dfe980
Event: 29.226 Thread 0x0000020dc655ad80 DEOPT UNPACKING pc=0x0000020db8dd7143 sp=0x0000001b28dfdf00 mode 0
Event: 104.169 Thread 0x0000020dc554b570 DEOPT PACKING pc=0x0000020db938ead4 sp=0x0000001b289fec20
Event: 104.169 Thread 0x0000020dc554b570 DEOPT UNPACKING pc=0x0000020db8dd7143 sp=0x0000001b289fe0c8 mode 0

Classes unloaded (20 events):
Event: 829.604 Thread 0x0000020dc0655dc0 Unloading class 0x00000001007bc400 'jdk/internal/reflect/GeneratedConstructorAccessor57'
Event: 829.604 Thread 0x0000020dc0655dc0 Unloading class 0x00000001007bc000 'jdk/internal/reflect/GeneratedConstructorAccessor56'
Event: 829.604 Thread 0x0000020dc0655dc0 Unloading class 0x00000001007ab000 'java/lang/invoke/LambdaForm$MH+0x00000001007ab000'
Event: 829.604 Thread 0x0000020dc0655dc0 Unloading class 0x00000001007aac00 'java/lang/invoke/LambdaForm$MH+0x00000001007aac00'
Event: 829.604 Thread 0x0000020dc0655dc0 Unloading class 0x00000001007aa800 'java/lang/invoke/LambdaForm$MH+0x00000001007aa800'
Event: 829.604 Thread 0x0000020dc0655dc0 Unloading class 0x00000001007aa400 'java/lang/invoke/LambdaForm$MH+0x00000001007aa400'
Event: 829.604 Thread 0x0000020dc0655dc0 Unloading class 0x00000001007a9c00 'java/lang/invoke/LambdaForm$MH+0x00000001007a9c00'
Event: 829.604 Thread 0x0000020dc0655dc0 Unloading class 0x00000001007a9800 'java/lang/invoke/LambdaForm$MH+0x00000001007a9800'
Event: 829.604 Thread 0x0000020dc0655dc0 Unloading class 0x00000001007a9400 'java/lang/invoke/LambdaForm$MH+0x00000001007a9400'
Event: 829.604 Thread 0x0000020dc0655dc0 Unloading class 0x00000001007a9000 'java/lang/invoke/LambdaForm$MH+0x00000001007a9000'
Event: 829.604 Thread 0x0000020dc0655dc0 Unloading class 0x0000000100742000 'java/lang/invoke/LambdaForm$MH+0x0000000100742000'
Event: 829.604 Thread 0x0000020dc0655dc0 Unloading class 0x00000001006ea800 'java/lang/invoke/LambdaForm$MH+0x00000001006ea800'
Event: 829.604 Thread 0x0000020dc0655dc0 Unloading class 0x00000001003b8400 'java/lang/invoke/LambdaForm$MH+0x00000001003b8400'
Event: 829.604 Thread 0x0000020dc0655dc0 Unloading class 0x00000001003ad400 'java/lang/invoke/LambdaForm$MH+0x00000001003ad400'
Event: 829.604 Thread 0x0000020dc0655dc0 Unloading class 0x000000010032c400 'java/lang/invoke/LambdaForm$MH+0x000000010032c400'
Event: 829.604 Thread 0x0000020dc0655dc0 Unloading class 0x00000001003b1400 'java/lang/invoke/LambdaForm$MH+0x00000001003b1400'
Event: 829.604 Thread 0x0000020dc0655dc0 Unloading class 0x0000000100528c00 'java/lang/invoke/LambdaForm$MH+0x0000000100528c00'
Event: 829.604 Thread 0x0000020dc0655dc0 Unloading class 0x00000001003af800 'java/lang/invoke/LambdaForm$MH+0x00000001003af800'
Event: 940.765 Thread 0x0000020dc0655dc0 Unloading class 0x0000000100742000 'jdk/internal/reflect/GeneratedConstructorAccessor61'
Event: 940.766 Thread 0x0000020dc0655dc0 Unloading class 0x00000001007aa400 'jdk/internal/reflect/GeneratedConstructorAccessor60'

Classes redefined (0 events):
No events

Internal exceptions (20 events):
Event: 703.816 Thread 0x0000020dc655ad80 Exception <a 'sun/nio/fs/WindowsException'{0x00000000c4cfed38}> (0x00000000c4cfed38) 
thrown [s\src\hotspot\share\prims\jni.cpp, line 516]
Event: 703.816 Thread 0x0000020dc655ad80 Exception <a 'sun/nio/fs/WindowsException'{0x00000000c4cffae0}> (0x00000000c4cffae0) 
thrown [s\src\hotspot\share\prims\jni.cpp, line 516]
Event: 703.817 Thread 0x0000020dc655ad80 Exception <a 'sun/nio/fs/WindowsException'{0x00000000c4b01aa8}> (0x00000000c4b01aa8) 
thrown [s\src\hotspot\share\prims\jni.cpp, line 516]
Event: 703.817 Thread 0x0000020dc655ad80 Exception <a 'sun/nio/fs/WindowsException'{0x00000000c4b02718}> (0x00000000c4b02718) 
thrown [s\src\hotspot\share\prims\jni.cpp, line 516]
Event: 703.817 Thread 0x0000020dc655ad80 Exception <a 'sun/nio/fs/WindowsException'{0x00000000c4b03338}> (0x00000000c4b03338) 
thrown [s\src\hotspot\share\prims\jni.cpp, line 516]
Event: 703.817 Thread 0x0000020dc655ad80 Exception <a 'sun/nio/fs/WindowsException'{0x00000000c4b03fa8}> (0x00000000c4b03fa8) 
thrown [s\src\hotspot\share\prims\jni.cpp, line 516]
Event: 703.817 Thread 0x0000020dc655ad80 Exception <a 'sun/nio/fs/WindowsException'{0x00000000c4b04ce8}> (0x00000000c4b04ce8) 
thrown [s\src\hotspot\share\prims\jni.cpp, line 516]
Event: 703.817 Thread 0x0000020dc655ad80 Exception <a 'sun/nio/fs/WindowsException'{0x00000000c4b05a90}> (0x00000000c4b05a90) 
thrown [s\src\hotspot\share\prims\jni.cpp, line 516]
Event: 867.042 Thread 0x0000020dc655ad80 Exception <a 'sun/nio/fs/WindowsException'{0x00000000c3c09c00}> (0x00000000c3c09c00) 
thrown [s\src\hotspot\share\prims\jni.cpp, line 516]
Event: 867.042 Thread 0x0000020dc655ad80 Exception <a 'sun/nio/fs/WindowsException'{0x00000000c3c0a870}> (0x00000000c3c0a870) 
thrown [s\src\hotspot\share\prims\jni.cpp, line 516]
Event: 867.042 Thread 0x0000020dc655ad80 Exception <a 'sun/nio/fs/WindowsException'{0x00000000c3c0b490}> (0x00000000c3c0b490) 
thrown [s\src\hotspot\share\prims\jni.cpp, line 516]
Event: 867.042 Thread 0x0000020dc655ad80 Exception <a 'sun/nio/fs/WindowsException'{0x00000000c3c0c100}> (0x00000000c3c0c100) 
thrown [s\src\hotspot\share\prims\jni.cpp, line 516]
Event: 867.042 Thread 0x0000020dc655ad80 Exception <a 'sun/nio/fs/WindowsException'{0x00000000c3c0ce40}> (0x00000000c3c0ce40) 
thrown [s\src\hotspot\share\prims\jni.cpp, line 516]
Event: 867.042 Thread 0x0000020dc655ad80 Exception <a 'sun/nio/fs/WindowsException'{0x00000000c3c0dbe8}> (0x00000000c3c0dbe8) 
thrown [s\src\hotspot\share\prims\jni.cpp, line 516]
Event: 867.042 Thread 0x0000020dc655ad80 Exception <a 'sun/nio/fs/WindowsException'{0x00000000c3c0efa8}> (0x00000000c3c0efa8) 
thrown [s\src\hotspot\share\prims\jni.cpp, line 516]
Event: 867.043 Thread 0x0000020dc655ad80 Exception <a 'sun/nio/fs/WindowsException'{0x00000000c3c0fc18}> (0x00000000c3c0fc18) 
thrown [s\src\hotspot\share\prims\jni.cpp, line 516]
Event: 867.043 Thread 0x0000020dc655ad80 Exception <a 'sun/nio/fs/WindowsException'{0x00000000c3c10838}> (0x00000000c3c10838) 
thrown [s\src\hotspot\share\prims\jni.cpp, line 516]
Event: 867.043 Thread 0x0000020dc655ad80 Exception <a 'sun/nio/fs/WindowsException'{0x00000000c3c114a8}> (0x00000000c3c114a8) 
thrown [s\src\hotspot\share\prims\jni.cpp, line 516]
Event: 867.043 Thread 0x0000020dc655ad80 Exception <a 'sun/nio/fs/WindowsException'{0x00000000c3c121e8}> (0x00000000c3c121e8) 
thrown [s\src\hotspot\share\prims\jni.cpp, line 516]
Event: 867.043 Thread 0x0000020dc655ad80 Exception <a 'sun/nio/fs/WindowsException'{0x00000000c3c12f90}> (0x00000000c3c12f90) 
thrown [s\src\hotspot\share\prims\jni.cpp, line 516]

VM Operations (20 events):
Event: 1607.652 Executing VM operation: Cleanup done
Event: 1624.028 Executing VM operation: HandshakeAllThreads
Event: 1624.028 Executing VM operation: HandshakeAllThreads done
Event: 1638.699 Executing VM operation: G1CollectFull
Event: 1638.744 Executing VM operation: G1CollectFull done
Event: 1648.890 Executing VM operation: G1CollectFull
Event: 1648.928 Executing VM operation: G1CollectFull done
Event: 1659.049 Executing VM operation: G1CollectFull
Event: 1659.089 Executing VM operation: G1CollectFull done
Event: 1669.238 Executing VM operation: G1CollectFull
Event: 1669.276 Executing VM operation: G1CollectFull done
Event: 1679.402 Executing VM operation: G1CollectFull
Event: 1679.448 Executing VM operation: G1CollectFull done
Event: 1689.596 Executing VM operation: G1CollectFull
Event: 1689.638 Executing VM operation: G1CollectFull done
Event: 1699.820 Executing VM operation: G1CollectFull
Event: 1699.861 Executing VM operation: G1CollectFull done
Event: 1710.151 Executing VM operation: G1CollectFull
Event: 1710.192 Executing VM operation: G1CollectFull done
Event: 1720.322 Executing VM operation: G1CollectFull

Events (20 events):
Event: 944.486 Thread 0x0000020dc65f9cc0 Thread exited: 0x0000020dc65f9cc0
Event: 944.646 Thread 0x0000020dc65fa6e0 Thread exited: 0x0000020dc65fa6e0
Event: 1181.126 Thread 0x0000020dc65f92a0 Thread added: 0x0000020dc65f92a0
Event: 1181.129 Thread 0x0000020dc65f7e60 Thread added: 0x0000020dc65f7e60
Event: 1241.249 Thread 0x0000020dc65f7e60 Thread exited: 0x0000020dc65f7e60
Event: 1255.899 Thread 0x0000020dc65f92a0 Thread exited: 0x0000020dc65f92a0
Event: 1347.213 Thread 0x0000020dc65f7950 Thread added: 0x0000020dc65f7950
Event: 1347.215 Thread 0x0000020dc65f7e60 Thread added: 0x0000020dc65f7e60
Event: 1407.233 Thread 0x0000020dc65f7e60 Thread exited: 0x0000020dc65f7e60
Event: 1415.695 Thread 0x0000020dc65f7950 Thread exited: 0x0000020dc65f7950
Event: 1416.677 Thread 0x0000020dc65f6510 Thread added: 0x0000020dc65f6510
Event: 1416.689 Thread 0x0000020dc65fa6e0 Thread added: 0x0000020dc65fa6e0
Event: 1476.758 Thread 0x0000020dc65fa6e0 Thread exited: 0x0000020dc65fa6e0
Event: 1506.546 Thread 0x0000020dc65fc030 Thread added: 0x0000020dc65fc030
Event: 1566.624 Thread 0x0000020dc65f6510 Thread exited: 0x0000020dc65f6510
Event: 1566.625 Thread 0x0000020dc65fc030 Thread exited: 0x0000020dc65fc030
Event: 1607.340 Thread 0x0000020dc65fbb20 Thread added: 0x0000020dc65fbb20
Event: 1607.342 Thread 0x0000020dc65f7950 Thread added: 0x0000020dc65f7950
Event: 1667.379 Thread 0x0000020dc65f7950 Thread exited: 0x0000020dc65f7950
Event: 1667.380 Thread 0x0000020dc65fbb20 Thread exited: 0x0000020dc65fbb20


Dynamic libraries:
0x00007ff75e250000 - 0x00007ff75e25e000 	c:\Users\iqbal\.vscode\extensions\redhat.java-1.32.0-win32-x64\jre\17.0.11-win32-x86_64\bin\java.exe
0x00007ffa9a8f0000 - 0x00007ffa9ab07000 	C:\WINDOWS\SYSTEM32\ntdll.dll
0x00007ffa986e0000 - 0x00007ffa987a4000 	C:\WINDOWS\System32\KERNEL32.DLL
0x00007ffa97e60000 - 0x00007ffa9820d000 	C:\WINDOWS\System32\KERNELBASE.dll
0x00007ffa983e0000 - 0x00007ffa984f1000 	C:\WINDOWS\System32\ucrtbase.dll
0x00007ffa78810000 - 0x00007ffa78827000 	c:\Users\iqbal\.vscode\extensions\redhat.java-1.32.0-win32-x64\jre\17.0.11-win32-x86_64\bin\jli.dll
0x00007ffa987b0000 - 0x00007ffa9895e000 	C:\WINDOWS\System32\USER32.dll
0x00007ffa98210000 - 0x00007ffa98236000 	C:\WINDOWS\System32\win32u.dll
0x00007ffa993e0000 - 0x00007ffa99409000 	C:\WINDOWS\System32\GDI32.dll
0x00007ffa982c0000 - 0x00007ffa983d9000 	C:\WINDOWS\System32\gdi32full.dll
0x00007ffa97c20000 - 0x00007ffa97cba000 	C:\WINDOWS\System32\msvcp_win.dll
0x00007ffa783c0000 - 0x00007ffa783db000 	c:\Users\iqbal\.vscode\extensions\redhat.java-1.32.0-win32-x64\jre\17.0.11-win32-x86_64\bin\VCRUNTIME140.dll
0x00007ffa80840000 - 0x00007ffa80ad3000 	C:\WINDOWS\WinSxS\amd64_microsoft.windows.common-controls_6595b64144ccf1df_6.0.22621.3672_none_2713b9d173822955\COMCTL32.dll
0x00007ffa99410000 - 0x00007ffa994b7000 	C:\WINDOWS\System32\msvcrt.dll
0x00007ffa98960000 - 0x00007ffa98991000 	C:\WINDOWS\System32\IMM32.DLL
0x00007ffa8e4f0000 - 0x00007ffa8e4fc000 	c:\Users\iqbal\.vscode\extensions\redhat.java-1.32.0-win32-x64\jre\17.0.11-win32-x86_64\bin\vcruntime140_1.dll
0x00007ffa4eba0000 - 0x00007ffa4ec2d000 	c:\Users\iqbal\.vscode\extensions\redhat.java-1.32.0-win32-x64\jre\17.0.11-win32-x86_64\bin\msvcp140.dll
0x00007ffa424f0000 - 0x00007ffa43152000 	c:\Users\iqbal\.vscode\extensions\redhat.java-1.32.0-win32-x64\jre\17.0.11-win32-x86_64\bin\server\jvm.dll
0x00007ffa99320000 - 0x00007ffa993d2000 	C:\WINDOWS\System32\ADVAPI32.dll
0x00007ffa9a090000 - 0x00007ffa9a139000 	C:\WINDOWS\System32\sechost.dll
0x00007ffa97cc0000 - 0x00007ffa97ce8000 	C:\WINDOWS\System32\bcrypt.dll
0x00007ffa99b30000 - 0x00007ffa99c44000 	C:\WINDOWS\System32\RPCRT4.dll
0x00007ffa97490000 - 0x00007ffa974dd000 	C:\WINDOWS\SYSTEM32\POWRPROF.dll
0x00007ffa78e10000 - 0x00007ffa78e19000 	C:\WINDOWS\SYSTEM32\WSOCK32.dll
0x00007ffa995c0000 - 0x00007ffa99631000 	C:\WINDOWS\System32\WS2_32.dll
0x00007ffa91f00000 - 0x00007ffa91f34000 	C:\WINDOWS\SYSTEM32\WINMM.dll
0x00007ffa8f230000 - 0x00007ffa8f23a000 	C:\WINDOWS\SYSTEM32\VERSION.dll
0x00007ffa97470000 - 0x00007ffa97483000 	C:\WINDOWS\SYSTEM32\UMPDC.dll
0x00007ffa96c10000 - 0x00007ffa96c28000 	C:\WINDOWS\SYSTEM32\kernel.appcore.dll
0x00007ffa86220000 - 0x00007ffa8622a000 	c:\Users\iqbal\.vscode\extensions\redhat.java-1.32.0-win32-x64\jre\17.0.11-win32-x86_64\bin\jimage.dll
0x00007ffa94980000 - 0x00007ffa94bb2000 	C:\WINDOWS\SYSTEM32\DBGHELP.DLL
0x00007ffa9a240000 - 0x00007ffa9a5c8000 	C:\WINDOWS\System32\combase.dll
0x00007ffa9a140000 - 0x00007ffa9a217000 	C:\WINDOWS\System32\OLEAUT32.dll
0x00007ffa90b10000 - 0x00007ffa90b42000 	C:\WINDOWS\SYSTEM32\dbgcore.DLL
0x00007ffa98240000 - 0x00007ffa982bb000 	C:\WINDOWS\System32\bcryptPrimitives.dll
0x00007ffa63720000 - 0x00007ffa63745000 	c:\Users\iqbal\.vscode\extensions\redhat.java-1.32.0-win32-x64\jre\17.0.11-win32-x86_64\bin\java.dll
0x00007ffa77e40000 - 0x00007ffa77e58000 	c:\Users\iqbal\.vscode\extensions\redhat.java-1.32.0-win32-x64\jre\17.0.11-win32-x86_64\bin\zip.dll
0x00007ffa989c0000 - 0x00007ffa9921f000 	C:\WINDOWS\System32\SHELL32.dll
0x00007ffa95b20000 - 0x00007ffa9641c000 	C:\WINDOWS\SYSTEM32\windows.storage.dll
0x00007ffa959e0000 - 0x00007ffa95b1f000 	C:\WINDOWS\SYSTEM32\wintypes.dll
0x00007ffa99220000 - 0x00007ffa99314000 	C:\WINDOWS\System32\SHCORE.dll
0x00007ffa9a840000 - 0x00007ffa9a89e000 	C:\WINDOWS\System32\shlwapi.dll
0x00007ffa97b50000 - 0x00007ffa97b71000 	C:\WINDOWS\SYSTEM32\profapi.dll
0x00007ffa76da0000 - 0x00007ffa76db9000 	C:\Users\iqbal\.vscode\extensions\redhat.java-1.32.0-win32-x64\jre\17.0.11-win32-x86_64\bin\net.dll
0x00007ffa93cd0000 - 0x00007ffa93e06000 	C:\WINDOWS\SYSTEM32\WINHTTP.dll
0x00007ffa97080000 - 0x00007ffa970e9000 	C:\WINDOWS\system32\mswsock.dll
0x00007ffa72ae0000 - 0x00007ffa72af6000 	C:\Users\iqbal\.vscode\extensions\redhat.java-1.32.0-win32-x64\jre\17.0.11-win32-x86_64\bin\nio.dll
0x00007ffa82110000 - 0x00007ffa82120000 	c:\Users\iqbal\.vscode\extensions\redhat.java-1.32.0-win32-x64\jre\17.0.11-win32-x86_64\bin\verify.dll
0x00007ffa97380000 - 0x00007ffa9739b000 	C:\WINDOWS\SYSTEM32\CRYPTSP.dll
0x00007ffa96b70000 - 0x00007ffa96ba5000 	C:\WINDOWS\system32\rsaenh.dll
0x00007ffa971d0000 - 0x00007ffa971f8000 	C:\WINDOWS\SYSTEM32\USERENV.dll
0x00007ffa97370000 - 0x00007ffa9737c000 	C:\WINDOWS\SYSTEM32\CRYPTBASE.dll
0x00007ffa966c0000 - 0x00007ffa966ed000 	C:\WINDOWS\SYSTEM32\IPHLPAPI.DLL
0x00007ffa99640000 - 0x00007ffa99649000 	C:\WINDOWS\System32\NSI.dll
0x00007ffa935e0000 - 0x00007ffa935f9000 	C:\WINDOWS\SYSTEM32\dhcpcsvc6.DLL
0x00007ffa935c0000 - 0x00007ffa935df000 	C:\WINDOWS\SYSTEM32\dhcpcsvc.DLL
0x00007ffa96740000 - 0x00007ffa96838000 	C:\WINDOWS\SYSTEM32\DNSAPI.dll
0x00007ffa76e20000 - 0x00007ffa76e29000 	C:\Users\iqbal\.vscode\extensions\redhat.java-1.32.0-win32-x64\jre\17.0.11-win32-x86_64\bin\management.dll
0x00007ffa76330000 - 0x00007ffa7633b000 	C:\Users\iqbal\.vscode\extensions\redhat.java-1.32.0-win32-x64\jre\17.0.11-win32-x86_64\bin\management_ext.dll
0x00007ffa9a230000 - 0x00007ffa9a238000 	C:\WINDOWS\System32\PSAPI.DLL
0x00007ffa72f30000 - 0x00007ffa72f3e000 	C:\Users\iqbal\.vscode\extensions\redhat.java-1.32.0-win32-x64\jre\17.0.11-win32-x86_64\bin\sunmscapi.dll
0x00007ffa97cf0000 - 0x00007ffa97e57000 	C:\WINDOWS\System32\CRYPT32.dll
0x00007ffa975d0000 - 0x00007ffa975fe000 	C:\WINDOWS\SYSTEM32\ncrypt.dll
0x00007ffa97590000 - 0x00007ffa975c7000 	C:\WINDOWS\SYSTEM32\NTASN1.dll
0x00007ffa84ea0000 - 0x00007ffa84eaa000 	C:\Windows\System32\rasadhlp.dll
0x00007ffa91570000 - 0x00007ffa915f3000 	C:\WINDOWS\System32\fwpuclnt.dll
0x00007ffa72a70000 - 0x00007ffa72a79000 	C:\Users\iqbal\.vscode\extensions\redhat.java-1.32.0-win32-x64\jre\17.0.11-win32-x86_64\bin\extnet.dll

dbghelp: loaded successfully - version: 4.0.5 - missing functions: none
symbol engine: initialized successfully - sym options: 0x614 - pdb path: .;c:\Users\iqbal\.vscode\extensions\redhat.java-1.32.0-win32-x64\jre\17.0.11-win32-x86_64\bin;C:\WINDOWS\SYSTEM32;C:\WINDOWS\WinSxS\amd64_microsoft.windows.common-controls_6595b64144ccf1df_6.0.22621.3672_none_2713b9d173822955;c:\Users\iqbal\.vscode\extensions\redhat.java-1.32.0-win32-x64\jre\17.0.11-win32-x86_64\bin\server

VM Arguments:
jvm_args: -Xmx1024m -Dsts.lsp.client=vscode -Dsts.log.file=/dev/null -XX:TieredStopAtLevel=1 -Xlog:jni+resolve=off -Dspring.config.location=file:c:\Users\iqbal\.vscode\extensions\vmware.vscode-spring-boot-1.56.0\language-server\BOOT-INF\classes\application.properties 
java_command: org.springframework.ide.vscode.boot.app.BootLanguageServerBootApp
java_class_path (initial): c:\Users\iqbal\.vscode\extensions\vmware.vscode-spring-boot-1.56.0\language-server\BOOT-INF\classes;c:\Users\iqbal\.vscode\extensions\vmware.vscode-spring-boot-1.56.0\language-server\BOOT-INF\lib\annotations-24.1.0.jar;c:\Users\iqbal\.vscode\extensions\vmware.vscode-spring-boot-1.56.0\language-server\BOOT-INF\lib\antlr4-runtime-4.13.1.jar;c:\Users\iqbal\.vscode\extensions\vmware.vscode-spring-boot-1.56.0\language-server\BOOT-INF\lib\asm-9.7.jar;c:\Users\iqbal\.vscode\extensions\vmware.vscode-spring-boot-1.56.0\language-server\BOOT-INF\lib\asm-analysis-9.7.jar;c:\Users\iqbal\.vscode\extensions\vmware.vscode-spring-boot-1.56.0\language-server\BOOT-INF\lib\asm-tree-9.7.jar;c:\Users\iqbal\.vscode\extensions\vmware.vscode-spring-boot-1.56.0\language-server\BOOT-INF\lib\asm-util-9.7.jar;c:\Users\iqbal\.vscode\extensions\vmware.vscode-spring-boot-1.56.0\language-server\BOOT-INF\lib\caffeine-3.1.8.jar;c:\Users\iqbal\.vscode\extensions\vmware.vscode-spring-boot-1.56.0\language-server\BOOT-INF\lib\checker-qual-3.12.0.jar;c:\Users\iqbal\.vscode\extensions\vmware.vscode-spring-boot-1.56.0\language-server\BOOT-INF\lib\classgraph-4.8.149.jar;c:\Users\iqbal\.vscode\extensions\vmware.vscode-spring-boot-1.56.0\language-server\BOOT-INF\lib\commons-codec-1.16.1.jar;c:\Users\iqbal\.vscode\extensions\vmware.vscode-spring-boot-1.56.0\language-server\BOOT-INF\lib\commons-compress-1.26.2.jar;c:\Users\iqbal\.vscode\extensions\vmware.vscode-spring-boot-1.56.0\language-server\BOOT-INF\lib\commons-io-2.16.1.jar;c:\Users\iqbal\.vscode\extensions\vmware.vscode-spring-boot-1.56.0\language-server\BOOT-INF\lib\commons-java-1.56.0-SNAPSHOT.jar;c:\Users\iqbal\.vscode\extensions\vmware.vscode-spring-boot-1.56.0\language-server\BOOT-INF\lib\commons-lang3-3.14.0.jar;c:\Users\iqbal\.vscode\extensions\vmware.vscode-spring-boot-1.56.0\language-server\BOOT-INF\lib\commons-language-server-1.56.0-SNAPSHOT.jar;c:\Users\iqbal\.vscode\extensions\vmware.vscode-spring-boot-1.56.0\langu
Launcher Type: SUN_STANDARD

[Global flags]
     intx CICompilerCount                          = 3                                         {product} {ergonomic}
     uint ConcGCThreads                            = 1                                         {product} {ergonomic}
     uint G1ConcRefinementThreads                  = 4                                         {product} {ergonomic}
   size_t G1HeapRegionSize                         = 1048576                                   {product} {ergonomic}
    uintx GCDrainStackTargetSize                   = 64                                        {product} {ergonomic}
   size_t InitialHeapSize                          = 132120576                                 {product} {ergonomic}
   size_t MarkStackSize                            = 4194304                                   {product} {ergonomic}
   size_t MaxHeapSize                              = 1073741824                                {product} {command line}
   size_t MaxNewSize                               = 643825664                                 {product} {ergonomic}
   size_t MinHeapDeltaBytes                        = 1048576                                   {product} {ergonomic}
   size_t MinHeapSize                              = 8388608                                   {product} {ergonomic}
    uintx NonProfiledCodeHeapSize                  = 0                                      {pd product} {ergonomic}
     bool ProfileInterpreter                       = false                                  {pd product} {command line}
    uintx ProfiledCodeHeapSize                     = 0                                      {pd product} {ergonomic}
   size_t SoftMaxHeapSize                          = 1073741824                             {manageable} {ergonomic}
     intx TieredStopAtLevel                        = 1                                         {product} {command line}
     bool UseCompressedClassPointers               = true                           {product lp64_product} {ergonomic}
     bool UseCompressedOops                        = true                           {product lp64_product} {ergonomic}
     bool UseG1GC                                  = true                                      {product} {ergonomic}
     bool UseLargePagesIndividualAllocation        = false                                  {pd product} {ergonomic}

Logging:
Log output configuration:
 #0: stdout all=warning,jni+resolve=off uptime,level,tags
 #1: stderr all=off uptime,level,tags

Environment Variables:
JAVA_HOME=C:\Program Files\Java\jdk-17
PATH=C:\xampp\php;C:\Program Files\apache-maven-3.9.5\bin;C:\Program Files\Java\jdk-17\bin;C:\Program Files\Common Files\Oracle\Java\javapath;C:\Program Files (x86)\Common Files\Oracle\Java\javapath;C:\WINDOWS\system32;C:\WINDOWS;C:\WINDOWS\System32\Wbem;C:\WINDOWS\System32\WindowsPowerShell\v1.0\;C:\WINDOWS\System32\OpenSSH\;C:\Program Files\Git\cmd;C:\Program Files\nodejs\;C:\Program Files\MySQL\MySQL Server 8.0\bin;C:\Program Files\MongoDB\Server\7.0\bin;C:\composer;C:\Program Files\phantomjs-2.1.1-windows\bin;C:\Program Files\Docker\Docker\resources\bin;C:\Program Files\dotnet\;C:\Program Files\Cloudflare\Cloudflare WARP\;C:\Program Files\MySQL\MySQL Shell 8.0\bin\;C:\Users\iqbal\AppData\Local\Microsoft\WindowsApps;;C:\Users\iqbal\AppData\Local\Programs\Microsoft VS Code\bin;C:\Users\iqbal\AppData\Roaming\npm;C:\Users\iqbal\AppData\Roaming\Composer\vendor\bin;C:\Program Files\JetBrains\IntelliJ IDEA 2023.3.3\bin;;C:\Users\iqbal\.dotnet\tools;C:\Users\iqbal\AppData\Local\spicetify
USERNAME=iqbal
OS=Windows_NT
PROCESSOR_IDENTIFIER=Intel64 Family 6 Model 142 Stepping 12, GenuineIntel
TMP=C:\Users\iqbal\AppData\Local\Temp
TEMP=C:\Users\iqbal\AppData\Local\Temp



Periodic native trim disabled


---------------  S Y S T E M  ---------------

OS:
 Windows 11 , 64 bit Build 22621 (10.0.22621.3672)
OS uptime: 20 days 11:50 hours
Hyper-V role detected

CPU: total 4 (initial active 4) (2 cores per cpu, 2 threads per core) family 6 model 142 stepping 12 microcode 0xea, cx8, cmov, fxsr, ht, mmx, 3dnowpref, sse, sse2, sse3, ssse3, sse4.1, sse4.2, popcnt, lzcnt, tsc, tscinvbit, avx, avx2, aes, erms, clmul, bmi1, bmi2, adx, fma, vzeroupper, clflush, clflushopt, hv
Processor Information for all 4 processors :
  Max Mhz: 2592, Current Mhz: 2093, Mhz Limit: 2073

Memory: 4k page, system-wide physical 8026M (311M free)
TotalPageFile size 32602M (AvailPageFile size 3M)
current process WorkingSet (physical memory assigned to process): 54M, peak: 212M
current process commit charge ("private bytes"): 259M, peak: 266M

vm_info: OpenJDK 64-Bit Server VM (17.0.11+9) for windows-amd64 JRE (17.0.11+9), built on Apr 17 2024 06:07:48 by "admin" with MS VC++ 16.10 / 16.11 (VS2019)

END.
